# JRE version: OpenJDK Runtime Environment Temurin-21.0.2+13 (21.0.2+13) (build 21.0.2+13-LTS)
# Java VM: OpenJDK 64-Bit Server VM Temurin-21.0.2+13 (21.0.2+13-LTS, mixed mode, emulated-client, tiered, compressed oops, compressed class ptrs, g1 gc, bsd-amd64)
GC Precious Log:
 CardTable entry size: 512
 Card Set container configuration: InlinePtr #cards 4 size 8 Array Of Cards #cards 16 size 48 Howl #buckets 8 coarsen threshold 3686 Howl Bitmap #cards 512 size 80 coarsen threshold 460 Card regions per heap region 1 cards per card region 4096
 CPUs: 16 total, 16 available
 Memory: 16384M
 Large Page Support: Disabled
 NUMA Support: Disabled
 Compressed Oops: Enabled (Zero based)
 Heap Region Size: 2M
 Heap Min Capacity: 8M
 Heap Initial Capacity: 256M
 Heap Max Capacity: 4G
 Pre-touch: Disabled
 Parallel Workers: 13
 Concurrent Workers: 3
 Concurrent Refinement Workers: 13
 Periodic GC: Disabled
Heap:
 garbage-first heap   total 122880K, used 94404K [0x0000000700000000, 0x0000000800000000)
  region size 2048K, 34 young (69632K), 2 survivors (4096K)
 Metaspace       used 77602K, committed 78784K, reserved 1179648K
  class space    used 9651K, committed 10368K, reserved 1048576K
GC Heap History (20 events):
Event: 17805.531 GC heap after
{Heap after GC invocations=248 (full 46):
 garbage-first heap   total 116736K, used 29012K [0x0000000700000000, 0x0000000800000000)
  region size 2048K, 0 young (0K), 0 survivors (0K)
 Metaspace       used 76781K, committed 78144K, reserved 1179648K
  class space    used 9538K, committed 10368K, reserved 1048576K
}
Event: 17805.867 GC heap before
{Heap before GC invocations=248 (full 46):
 garbage-first heap   total 116736K, used 92500K [0x0000000700000000, 0x0000000800000000)
  region size 2048K, 32 young (65536K), 0 survivors (0K)
 Metaspace       used 76980K, committed 78272K, reserved 1179648K
  class space    used 9563K, committed 10368K, reserved 1048576K
}
Event: 17805.871 GC heap after
{Heap after GC invocations=249 (full 46):
 garbage-first heap   total 116736K, used 35108K [0x0000000700000000, 0x0000000800000000)
  region size 2048K, 3 young (6144K), 3 survivors (6144K)
 Metaspace       used 76980K, committed 78272K, reserved 1179648K
  class space    used 9563K, committed 10368K, reserved 1048576K
}
Event: 17805.909 GC heap before
{Heap before GC invocations=250 (full 46):
 garbage-first heap   total 122880K, used 94500K [0x0000000700000000, 0x0000000800000000)
  region size 2048K, 33 young (67584K), 3 survivors (6144K)
 Metaspace       used 76980K, committed 78272K, reserved 1179648K
  class space    used 9563K, committed 10368K, reserved 1048576K
}
Event: 17805.912 GC heap after
{Heap after GC invocations=251 (full 46):
 garbage-first heap   total 122880K, used 41068K [0x0000000700000000, 0x0000000800000000)
  region size 2048K, 4 young (8192K), 4 survivors (8192K)
 Metaspace       used 76980K, committed 78272K, reserved 1179648K
  class space    used 9563K, committed 10368K, reserved 1048576K
}
Event: 17826.623 GC heap before
{Heap before GC invocations=251 (full 46):
 garbage-first heap   total 122880K, used 63596K [0x0000000700000000, 0x0000000800000000)
  region size 2048K, 16 young (32768K), 4 survivors (8192K)
 Metaspace       used 76989K, committed 78272K, reserved 1179648K
  class space    used 9565K, committed 10368K, reserved 1048576K
}
Event: 17826.663 GC heap after
{Heap after GC invocations=252 (full 47):
 garbage-first heap   total 122880K, used 29066K [0x0000000700000000, 0x0000000800000000)
  region size 2048K, 0 young (0K), 0 survivors (0K)
 Metaspace       used 76986K, committed 78272K, reserved 1179648K
  class space    used 9565K, committed 10368K, reserved 1048576K
}
Event: 17827.020 GC heap before
{Heap before GC invocations=252 (full 47):
 garbage-first heap   total 122880K, used 92554K [0x0000000700000000, 0x0000000800000000)
  region size 2048K, 32 young (65536K), 0 survivors (0K)
 Metaspace       used 77186K, committed 78400K, reserved 1179648K
  class space    used 9591K, committed 10368K, reserved 1048576K
}
Event: 17827.023 GC heap after
{Heap after GC invocations=253 (full 47):
 garbage-first heap   total 122880K, used 35386K [0x0000000700000000, 0x0000000800000000)
  region size 2048K, 4 young (8192K), 4 survivors (8192K)
 Metaspace       used 77186K, committed 78400K, reserved 1179648K
  class space    used 9591K, committed 10368K, reserved 1048576K
}
Event: 17827.065 GC heap before
{Heap before GC invocations=254 (full 47):
 garbage-first heap   total 133120K, used 92730K [0x0000000700000000, 0x0000000800000000)
  region size 2048K, 33 young (67584K), 4 survivors (8192K)
 Metaspace       used 77186K, committed 78400K, reserved 1179648K
  class space    used 9591K, committed 10368K, reserved 1048576K
}
Event: 17827.069 GC heap after
{Heap after GC invocations=255 (full 47):
 garbage-first heap   total 133120K, used 40806K [0x0000000700000000, 0x0000000800000000)
  region size 2048K, 4 young (8192K), 4 survivors (8192K)
 Metaspace       used 77186K, committed 78400K, reserved 1179648K
  class space    used 9591K, committed 10368K, reserved 1048576K
}
Event: 17923.500 GC heap before
{Heap before GC invocations=255 (full 47):
 garbage-first heap   total 133120K, used 73574K [0x0000000700000000, 0x0000000800000000)
  region size 2048K, 21 young (43008K), 4 survivors (8192K)
 Metaspace       used 77203K, committed 78400K, reserved 1179648K
  class space    used 9595K, committed 10368K, reserved 1048576K
}
Event: 17923.541 GC heap after
{Heap after GC invocations=256 (full 48):
 garbage-first heap   total 122880K, used 29282K [0x0000000700000000, 0x0000000800000000)
  region size 2048K, 0 young (0K), 0 survivors (0K)
 Metaspace       used 77200K, committed 78400K, reserved 1179648K
  class space    used 9594K, committed 10368K, reserved 1048576K
}
Event: 17923.929 GC heap before
{Heap before GC invocations=256 (full 48):
 garbage-first heap   total 122880K, used 94818K [0x0000000700000000, 0x0000000800000000)
  region size 2048K, 33 young (67584K), 0 survivors (0K)
 Metaspace       used 77400K, committed 78592K, reserved 1179648K
  class space    used 9620K, committed 10368K, reserved 1048576K
}
Event: 17923.932 GC heap after
{Heap after GC invocations=257 (full 48):
 garbage-first heap   total 122880K, used 36551K [0x0000000700000000, 0x0000000800000000)
  region size 2048K, 4 young (8192K), 4 survivors (8192K)
 Metaspace       used 77400K, committed 78592K, reserved 1179648K
  class space    used 9620K, committed 10368K, reserved 1048576K
}
Event: 17923.978 GC heap before
{Heap before GC invocations=258 (full 48):
 garbage-first heap   total 126976K, used 93895K [0x0000000700000000, 0x0000000800000000)
  region size 2048K, 33 young (67584K), 4 survivors (8192K)
 Metaspace       used 77367K, committed 78592K, reserved 1179648K
  class space    used 9613K, committed 10368K, reserved 1048576K
}
Event: 17923.982 GC heap after
{Heap after GC invocations=259 (full 48):
 garbage-first heap   total 126976K, used 40817K [0x0000000700000000, 0x0000000800000000)
  region size 2048K, 4 young (8192K), 4 survivors (8192K)
 Metaspace       used 77367K, committed 78592K, reserved 1179648K
  class space    used 9613K, committed 10368K, reserved 1048576K
}
Event: 17971.949 GC heap before
{Heap before GC invocations=259 (full 48):
 garbage-first heap   total 126976K, used 61297K [0x0000000700000000, 0x0000000800000000)
  region size 2048K, 16 young (32768K), 4 survivors (8192K)
 Metaspace       used 77406K, committed 78592K, reserved 1179648K
  class space    used 9623K, committed 10368K, reserved 1048576K
}
Event: 17971.987 GC heap after
{Heap after GC invocations=260 (full 49):
 garbage-first heap   total 122880K, used 28868K [0x0000000700000000, 0x0000000800000000)
  region size 2048K, 0 young (0K), 0 survivors (0K)
 Metaspace       used 77403K, committed 78592K, reserved 1179648K
  class space    used 9623K, committed 10368K, reserved 1048576K
}
Event: 18171.248 GC heap before
{Heap before GC invocations=260 (full 49):
 garbage-first heap   total 122880K, used 92356K [0x0000000700000000, 0x0000000800000000)
  region size 2048K, 32 young (65536K), 0 survivors (0K)
 Metaspace       used 77602K, committed 78784K, reserved 1179648K
  class space    used 9651K, committed 10368K, reserved 1048576K
}

