# JRE version: OpenJDK Runtime Environment Temurin-21.0.2+13 (21.0.2+13) (build 21.0.2+13-LTS)
# Java VM: OpenJDK 64-Bit Server VM Temurin-21.0.2+13 (21.0.2+13-LTS, mixed mode, emulated-client, tiered, compressed oops, compressed class ptrs, g1 gc, bsd-amd64)
GC Precious Log:
 CardTable entry size: 512
 Card Set container configuration: InlinePtr #cards 4 size 8 Array Of Cards #cards 16 size 48 Howl #buckets 8 coarsen threshold 3686 Howl Bitmap #cards 512 size 80 coarsen threshold 460 Card regions per heap region 1 cards per card region 4096
 CPUs: 16 total, 16 available
 Memory: 16384M
 Large Page Support: Disabled
 NUMA Support: Disabled
 Compressed Oops: Enabled (Zero based)
 Heap Region Size: 2M
 Heap Min Capacity: 8M
 Heap Initial Capacity: 256M
 Heap Max Capacity: 4G
 Pre-touch: Disabled
 Parallel Workers: 13
 Concurrent Workers: 3
 Concurrent Refinement Workers: 13
 Periodic GC: Disabled
Heap:
 garbage-first heap   total 110592K, used 88379K [0x0000000700000000, 0x0000000800000000)
  region size 2048K, 31 young (63488K), 2 survivors (4096K)
 Metaspace       used 76856K, committed 80640K, reserved 1179648K
  class space    used 9526K, committed 10496K, reserved 1048576K
GC Heap History (20 events):
Event: 5468.601 GC heap after
{Heap after GC invocations=198 (full 39):
 garbage-first heap   total 131072K, used 49671K [0x0000000700000000, 0x0000000800000000)
  region size 2048K, 1 young (2048K), 1 survivors (2048K)
 Metaspace       used 79167K, committed 80448K, reserved 1179648K
  class space    used 9873K, committed 10496K, reserved 1048576K
}
Event: 5540.499 GC heap before
{Heap before GC invocations=199 (full 39):
 garbage-first heap   total 131072K, used 68103K [0x0000000700000000, 0x0000000800000000)
  region size 2048K, 11 young (22528K), 1 survivors (2048K)
 Metaspace       used 79245K, committed 80512K, reserved 1179648K
  class space    used 9888K, committed 10496K, reserved 1048576K
}
Event: 5540.553 GC heap after
{Heap after GC invocations=200 (full 40):
 garbage-first heap   total 131072K, used 34377K [0x0000000700000000, 0x0000000800000000)
  region size 2048K, 0 young (0K), 0 survivors (0K)
 Metaspace       used 79245K, committed 80512K, reserved 1179648K
  class space    used 9888K, committed 10496K, reserved 1048576K
}
Event: 5540.884 GC heap before
{Heap before GC invocations=200 (full 40):
 garbage-first heap   total 131072K, used 73289K [0x0000000700000000, 0x0000000800000000)
  region size 2048K, 20 young (40960K), 0 survivors (0K)
 Metaspace       used 79428K, committed 80704K, reserved 1179648K
  class space    used 9913K, committed 10496K, reserved 1048576K
}
Event: 5540.885 GC heap after
{Heap after GC invocations=201 (full 40):
 garbage-first heap   total 131072K, used 37936K [0x0000000700000000, 0x0000000800000000)
  region size 2048K, 2 young (4096K), 2 survivors (4096K)
 Metaspace       used 79428K, committed 80704K, reserved 1179648K
  class space    used 9913K, committed 10496K, reserved 1048576K
}
Event: 5541.469 GC heap before
{Heap before GC invocations=202 (full 40):
 garbage-first heap   total 131072K, used 99376K [0x0000000700000000, 0x0000000800000000)
  region size 2048K, 33 young (67584K), 2 survivors (4096K)
 Metaspace       used 79367K, committed 80704K, reserved 1179648K
  class space    used 9889K, committed 10496K, reserved 1048576K
}
Event: 5541.472 GC heap after
{Heap after GC invocations=203 (full 40):
 garbage-first heap   total 131072K, used 39377K [0x0000000700000000, 0x0000000800000000)
  region size 2048K, 3 young (6144K), 3 survivors (6144K)
 Metaspace       used 79367K, committed 80704K, reserved 1179648K
  class space    used 9889K, committed 10496K, reserved 1048576K
}
Event: 5591.659 GC heap before
{Heap before GC invocations=203 (full 40):
 garbage-first heap   total 131072K, used 102865K [0x0000000700000000, 0x0000000800000000)
  region size 2048K, 35 young (71680K), 3 survivors (6144K)
 Metaspace       used 79426K, committed 80704K, reserved 1179648K
  class space    used 9902K, committed 10496K, reserved 1048576K
}
Event: 5591.662 GC heap after
{Heap after GC invocations=204 (full 40):
 garbage-first heap   total 131072K, used 41822K [0x0000000700000000, 0x0000000800000000)
  region size 2048K, 4 young (8192K), 4 survivors (8192K)
 Metaspace       used 79426K, committed 80704K, reserved 1179648K
  class space    used 9902K, committed 10496K, reserved 1048576K
}
Event: 5828.051 GC heap before
{Heap before GC invocations=204 (full 40):
 garbage-first heap   total 131072K, used 105310K [0x0000000700000000, 0x0000000800000000)
  region size 2048K, 35 young (71680K), 4 survivors (8192K)
 Metaspace       used 79534K, committed 80768K, reserved 1179648K
  class space    used 9923K, committed 10496K, reserved 1048576K
}
Event: 5828.055 GC heap after
{Heap after GC invocations=205 (full 40):
 garbage-first heap   total 131072K, used 42502K [0x0000000700000000, 0x0000000800000000)
  region size 2048K, 3 young (6144K), 3 survivors (6144K)
 Metaspace       used 79534K, committed 80768K, reserved 1179648K
  class space    used 9923K, committed 10496K, reserved 1048576K
}
Event: 5938.822 GC heap before
{Heap before GC invocations=206 (full 40):
 garbage-first heap   total 131072K, used 58886K [0x0000000700000000, 0x0000000800000000)
  region size 2048K, 12 young (24576K), 3 survivors (6144K)
 Metaspace       used 79118K, committed 80768K, reserved 1179648K
  class space    used 9826K, committed 10496K, reserved 1048576K
}
Event: 5938.869 GC heap after
{Heap after GC invocations=207 (full 41):
 garbage-first heap   total 110592K, used 28235K [0x0000000700000000, 0x0000000800000000)
  region size 2048K, 0 young (0K), 0 survivors (0K)
 Metaspace       used 76265K, committed 80640K, reserved 1179648K
  class space    used 9428K, committed 10496K, reserved 1048576K
}
Event: 5942.686 GC heap before
{Heap before GC invocations=207 (full 41):
 garbage-first heap   total 110592K, used 89675K [0x0000000700000000, 0x0000000800000000)
  region size 2048K, 31 young (63488K), 0 survivors (0K)
 Metaspace       used 76629K, committed 80640K, reserved 1179648K
  class space    used 9492K, committed 10496K, reserved 1048576K
}
Event: 5942.690 GC heap after
{Heap after GC invocations=208 (full 41):
 garbage-first heap   total 110592K, used 34272K [0x0000000700000000, 0x0000000800000000)
  region size 2048K, 3 young (6144K), 3 survivors (6144K)
 Metaspace       used 76629K, committed 80640K, reserved 1179648K
  class space    used 9492K, committed 10496K, reserved 1048576K
}
Event: 5942.777 GC heap before
{Heap before GC invocations=209 (full 41):
 garbage-first heap   total 110592K, used 89568K [0x0000000700000000, 0x0000000800000000)
  region size 2048K, 31 young (63488K), 3 survivors (6144K)
 Metaspace       used 76651K, committed 80640K, reserved 1179648K
  class space    used 9498K, committed 10496K, reserved 1048576K
}
Event: 5942.781 GC heap after
{Heap after GC invocations=210 (full 41):
 garbage-first heap   total 110592K, used 39264K [0x0000000700000000, 0x0000000800000000)
  region size 2048K, 3 young (6144K), 3 survivors (6144K)
 Metaspace       used 76651K, committed 80640K, reserved 1179648K
  class space    used 9498K, committed 10496K, reserved 1048576K
}
Event: 5981.666 GC heap before
{Heap before GC invocations=210 (full 41):
 garbage-first heap   total 110592K, used 78176K [0x0000000700000000, 0x0000000800000000)
  region size 2048K, 23 young (47104K), 3 survivors (6144K)
 Metaspace       used 76714K, committed 80640K, reserved 1179648K
  class space    used 9514K, committed 10496K, reserved 1048576K
}
Event: 5981.726 GC heap after
{Heap after GC invocations=211 (full 42):
 garbage-first heap   total 110592K, used 28987K [0x0000000700000000, 0x0000000800000000)
  region size 2048K, 0 young (0K), 0 survivors (0K)
 Metaspace       used 76638K, committed 80640K, reserved 1179648K
  class space    used 9495K, committed 10496K, reserved 1048576K
}
Event: 6047.975 GC heap before
{Heap before GC invocations=211 (full 42):
 garbage-first heap   total 110592K, used 86331K [0x0000000700000000, 0x0000000800000000)
  region size 2048K, 29 young (59392K), 0 survivors (0K)
 Metaspace       used 76856K, committed 80640K, reserved 1179648K
  class space    used 9526K, committed 10496K, reserved 1048576K
}

