# JRE version: OpenJDK Runtime Environment Temurin-21.0.2+13 (21.0.2+13) (build 21.0.2+13-LTS)
# Java VM: OpenJDK 64-Bit Server VM Temurin-21.0.2+13 (21.0.2+13-LTS, mixed mode, emulated-client, tiered, compressed oops, compressed class ptrs, g1 gc, bsd-amd64)
GC Precious Log:
 CardTable entry size: 512
 Card Set container configuration: InlinePtr #cards 4 size 8 Array Of Cards #cards 16 size 48 Howl #buckets 8 coarsen threshold 3686 Howl Bitmap #cards 512 size 80 coarsen threshold 460 Card regions per heap region 1 cards per card region 4096
 CPUs: 16 total, 16 available
 Memory: 16384M
 Large Page Support: Disabled
 NUMA Support: Disabled
 Compressed Oops: Enabled (Zero based)
 Heap Region Size: 2M
 Heap Min Capacity: 8M
 Heap Initial Capacity: 256M
 Heap Max Capacity: 4G
 Pre-touch: Disabled
 Parallel Workers: 13
 Concurrent Workers: 3
 Concurrent Refinement Workers: 13
 Periodic GC: Disabled
Heap:
 garbage-first heap   total 102400K, used 80956K [0x0000000700000000, 0x0000000800000000)
  region size 2048K, 28 young (57344K), 2 survivors (4096K)
 Metaspace       used 73569K, committed 74496K, reserved 1114112K
  class space    used 9149K, committed 9664K, reserved 1048576K
GC Heap History (20 events):
Event: 12139.915 GC heap after
{Heap after GC invocations=118 (full 21):
 garbage-first heap   total 110592K, used 27645K [0x0000000700000000, 0x0000000800000000)
  region size 2048K, 0 young (0K), 0 survivors (0K)
 Metaspace       used 73107K, committed 74112K, reserved 1114112K
  class space    used 9080K, committed 9664K, reserved 1048576K
}
Event: 12140.217 GC heap before
{Heap before GC invocations=118 (full 21):
 garbage-first heap   total 110592K, used 82941K [0x0000000700000000, 0x0000000800000000)
  region size 2048K, 28 young (57344K), 0 survivors (0K)
 Metaspace       used 73227K, committed 74176K, reserved 1114112K
  class space    used 9097K, committed 9664K, reserved 1048576K
}
Event: 12140.220 GC heap after
{Heap after GC invocations=119 (full 21):
 garbage-first heap   total 110592K, used 34273K [0x0000000700000000, 0x0000000800000000)
  region size 2048K, 4 young (8192K), 4 survivors (8192K)
 Metaspace       used 73227K, committed 74176K, reserved 1114112K
  class space    used 9097K, committed 9664K, reserved 1048576K
}
Event: 12140.260 GC heap before
{Heap before GC invocations=120 (full 21):
 garbage-first heap   total 120832K, used 83425K [0x0000000700000000, 0x0000000800000000)
  region size 2048K, 29 young (59392K), 4 survivors (8192K)
 Metaspace       used 73227K, committed 74176K, reserved 1114112K
  class space    used 9097K, committed 9664K, reserved 1048576K
}
Event: 12140.263 GC heap after
{Heap after GC invocations=121 (full 21):
 garbage-first heap   total 120832K, used 38592K [0x0000000700000000, 0x0000000800000000)
  region size 2048K, 4 young (8192K), 4 survivors (8192K)
 Metaspace       used 73227K, committed 74176K, reserved 1114112K
  class space    used 9097K, committed 9664K, reserved 1048576K
}
Event: 12171.012 GC heap before
{Heap before GC invocations=121 (full 21):
 garbage-first heap   total 120832K, used 67264K [0x0000000700000000, 0x0000000800000000)
  region size 2048K, 19 young (38912K), 4 survivors (8192K)
 Metaspace       used 73234K, committed 74176K, reserved 1114112K
  class space    used 9099K, committed 9664K, reserved 1048576K
}
Event: 12171.045 GC heap after
{Heap after GC invocations=122 (full 22):
 garbage-first heap   total 110592K, used 27748K [0x0000000700000000, 0x0000000800000000)
  region size 2048K, 0 young (0K), 0 survivors (0K)
 Metaspace       used 73232K, committed 74176K, reserved 1114112K
  class space    used 9099K, committed 9664K, reserved 1048576K
}
Event: 12171.356 GC heap before
{Heap before GC invocations=122 (full 22):
 garbage-first heap   total 110592K, used 83044K [0x0000000700000000, 0x0000000800000000)
  region size 2048K, 28 young (57344K), 0 survivors (0K)
 Metaspace       used 73336K, committed 74304K, reserved 1114112K
  class space    used 9113K, committed 9664K, reserved 1048576K
}
Event: 12171.359 GC heap after
{Heap after GC invocations=123 (full 22):
 garbage-first heap   total 110592K, used 34439K [0x0000000700000000, 0x0000000800000000)
  region size 2048K, 4 young (8192K), 4 survivors (8192K)
 Metaspace       used 73336K, committed 74304K, reserved 1114112K
  class space    used 9113K, committed 9664K, reserved 1048576K
}
Event: 12171.404 GC heap before
{Heap before GC invocations=124 (full 22):
 garbage-first heap   total 120832K, used 83591K [0x0000000700000000, 0x0000000800000000)
  region size 2048K, 29 young (59392K), 4 survivors (8192K)
 Metaspace       used 73329K, committed 74304K, reserved 1114112K
  class space    used 9112K, committed 9664K, reserved 1048576K
}
Event: 12171.407 GC heap after
{Heap after GC invocations=125 (full 22):
 garbage-first heap   total 120832K, used 38901K [0x0000000700000000, 0x0000000800000000)
  region size 2048K, 4 young (8192K), 4 survivors (8192K)
 Metaspace       used 73329K, committed 74304K, reserved 1114112K
  class space    used 9112K, committed 9664K, reserved 1048576K
}
Event: 12232.435 GC heap before
{Heap before GC invocations=125 (full 22):
 garbage-first heap   total 120832K, used 71669K [0x0000000700000000, 0x0000000800000000)
  region size 2048K, 21 young (43008K), 4 survivors (8192K)
 Metaspace       used 73344K, committed 74304K, reserved 1114112K
  class space    used 9115K, committed 9664K, reserved 1048576K
}
Event: 12232.471 GC heap after
{Heap after GC invocations=126 (full 23):
 garbage-first heap   total 110592K, used 27800K [0x0000000700000000, 0x0000000800000000)
  region size 2048K, 0 young (0K), 0 survivors (0K)
 Metaspace       used 73341K, committed 74304K, reserved 1114112K
  class space    used 9115K, committed 9664K, reserved 1048576K
}
Event: 12232.774 GC heap before
{Heap before GC invocations=126 (full 23):
 garbage-first heap   total 110592K, used 83096K [0x0000000700000000, 0x0000000800000000)
  region size 2048K, 28 young (57344K), 0 survivors (0K)
 Metaspace       used 73446K, committed 74368K, reserved 1114112K
  class space    used 9129K, committed 9664K, reserved 1048576K
}
Event: 12232.777 GC heap after
{Heap after GC invocations=127 (full 23):
 garbage-first heap   total 110592K, used 34719K [0x0000000700000000, 0x0000000800000000)
  region size 2048K, 4 young (8192K), 4 survivors (8192K)
 Metaspace       used 73446K, committed 74368K, reserved 1114112K
  class space    used 9129K, committed 9664K, reserved 1048576K
}
Event: 12232.822 GC heap before
{Heap before GC invocations=128 (full 23):
 garbage-first heap   total 116736K, used 83871K [0x0000000700000000, 0x0000000800000000)
  region size 2048K, 29 young (59392K), 4 survivors (8192K)
 Metaspace       used 73442K, committed 74368K, reserved 1114112K
  class space    used 9128K, committed 9664K, reserved 1048576K
}
Event: 12232.825 GC heap after
{Heap after GC invocations=129 (full 23):
 garbage-first heap   total 116736K, used 38453K [0x0000000700000000, 0x0000000800000000)
  region size 2048K, 4 young (8192K), 4 survivors (8192K)
 Metaspace       used 73442K, committed 74368K, reserved 1114112K
  class space    used 9128K, committed 9664K, reserved 1048576K
}
Event: 12254.509 GC heap before
{Heap before GC invocations=129 (full 23):
 garbage-first heap   total 116736K, used 65077K [0x0000000700000000, 0x0000000800000000)
  region size 2048K, 18 young (36864K), 4 survivors (8192K)
 Metaspace       used 73452K, committed 74368K, reserved 1114112K
  class space    used 9131K, committed 9664K, reserved 1048576K
}
Event: 12254.545 GC heap after
{Heap after GC invocations=130 (full 24):
 garbage-first heap   total 102400K, used 27708K [0x0000000700000000, 0x0000000800000000)
  region size 2048K, 0 young (0K), 0 survivors (0K)
 Metaspace       used 73449K, committed 74368K, reserved 1114112K
  class space    used 9131K, committed 9664K, reserved 1048576K
}
Event: 12343.187 GC heap before
{Heap before GC invocations=130 (full 24):
 garbage-first heap   total 102400K, used 78908K [0x0000000700000000, 0x0000000800000000)
  region size 2048K, 26 young (53248K), 0 survivors (0K)
 Metaspace       used 73569K, committed 74496K, reserved 1114112K
  class space    used 9149K, committed 9664K, reserved 1048576K
}

